d:\прога\яп\курсовая\файлы программы\expressphotostudio\expressphotostudio\debug\vc120.pdb
d:\прога\яп\курсовая\файлы программы\expressphotostudio\expressphotostudio\debug\image.obj
d:\прога\яп\курсовая\файлы программы\expressphotostudio\expressphotostudio\debug\.netframework,version=v4.5.assemblyattributes.obj
d:\прога\яп\курсовая\файлы программы\expressphotostudio\expressphotostudio\debug\pic.obj
d:\прога\яп\курсовая\файлы программы\expressphotostudio\expressphotostudio\debug\tooloptionsform.obj
d:\прога\яп\курсовая\файлы программы\expressphotostudio\expressphotostudio\debug\mainform.obj
d:\прога\яп\курсовая\файлы программы\expressphotostudio\expressphotostudio\debug\expressphotostudio.mainform.resources
d:\прога\яп\курсовая\файлы программы\expressphotostudio\expressphotostudio\debug\expressphotostudio.tooloptionsform.resources
d:\прога\яп\курсовая\файлы программы\expressphotostudio\expressphotostudio\debug\expressphotostudio.vcxproj.generateresource.cache
d:\прога\яп\курсовая\файлы программы\expressphotostudio\expressphotostudio\debug\expressphotostudio.vcxprojresolveassemblyreference.cache
d:\прога\яп\курсовая\файлы программы\expressphotostudio\debug\expressphotostudio.pdb
d:\прога\яп\курсовая\файлы программы\expressphotostudio\debug\expressphotostudio.exe
d:\прога\яп\курсовая\файлы программы\expressphotostudio\expressphotostudio\debug\expressp.3ae03ad6.tlog\cl.command.1.tlog
d:\прога\яп\курсовая\файлы программы\expressphotostudio\expressphotostudio\debug\expressp.3ae03ad6.tlog\cl.read.1.tlog
d:\прога\яп\курсовая\файлы программы\expressphotostudio\expressphotostudio\debug\expressp.3ae03ad6.tlog\cl.write.1.tlog
d:\прога\яп\курсовая\файлы программы\expressphotostudio\expressphotostudio\debug\expressp.3ae03ad6.tlog\expressphotostudio.write.1u.tlog
d:\прога\яп\курсовая\файлы программы\expressphotostudio\expressphotostudio\debug\expressp.3ae03ad6.tlog\link.command.1.tlog
d:\прога\яп\курсовая\файлы программы\expressphotostudio\expressphotostudio\debug\expressp.3ae03ad6.tlog\link.read.1.tlog
d:\прога\яп\курсовая\файлы программы\expressphotostudio\expressphotostudio\debug\expressp.3ae03ad6.tlog\link.write.1.tlog
d:\прога\яп\курсовая\файлы программы\expressphotostudio\expressphotostudio\debug\expressp.3ae03ad6.tlog\metagen.read.1.tlog
d:\прога\яп\курсовая\файлы программы\expressphotostudio\expressphotostudio\debug\expressp.3ae03ad6.tlog\metagen.write.1.tlog
d:\прога\яп\курсовая\файлы программы\expressphotostudio\expressphotostudio\debug\expressp.3ae03ad6.tlog\tzres.dll.bi
