d:\прога\яп\курсовая\файлы программы\expressphotostudio\expressphotostudio\release\vc120.pdb
d:\прога\яп\курсовая\файлы программы\expressphotostudio\expressphotostudio\release\tooloptionsform.obj
d:\прога\яп\курсовая\файлы программы\expressphotostudio\expressphotostudio\release\mainform.obj
d:\прога\яп\курсовая\файлы программы\expressphotostudio\expressphotostudio\release\pic.obj
d:\прога\яп\курсовая\файлы программы\expressphotostudio\expressphotostudio\release\levelsform.obj
d:\прога\яп\курсовая\файлы программы\expressphotostudio\expressphotostudio\release\chromakeyform.obj
d:\прога\яп\курсовая\файлы программы\expressphotostudio\expressphotostudio\release\.netframework,version=v4.5.assemblyattributes.obj
d:\прога\яп\курсовая\файлы программы\expressphotostudio\expressphotostudio\release\expressphotostudio.chromakeyform.resources
d:\прога\яп\курсовая\файлы программы\expressphotostudio\expressphotostudio\release\expressphotostudio.levelsform.resources
d:\прога\яп\курсовая\файлы программы\expressphotostudio\expressphotostudio\release\expressphotostudio.mainform.resources
d:\прога\яп\курсовая\файлы программы\expressphotostudio\expressphotostudio\release\expressphotostudio.tooloptionsform.resources
d:\прога\яп\курсовая\файлы программы\expressphotostudio\expressphotostudio\release\expressphotostudio.mainform.en.resources
d:\прога\яп\курсовая\файлы программы\expressphotostudio\release\en\expressphotostudio.resources.dll
d:\прога\яп\курсовая\файлы программы\expressphotostudio\release\expressphotostudio.exe
d:\прога\яп\курсовая\файлы программы\expressphotostudio\release\expressphotostudio.pdb
d:\прога\яп\курсовая\файлы программы\expressphotostudio\expressphotostudio\release\expressphotostudio.res
d:\прога\яп\курсовая\файлы программы\expressphotostudio\expressphotostudio\release\expressphotostudio.vcxproj.generateresource.cache
d:\прога\яп\курсовая\файлы программы\expressphotostudio\expressphotostudio\release\expressphotostudio.vcxprojresolveassemblyreference.cache
d:\прога\яп\курсовая\файлы программы\expressphotostudio\expressphotostudio\release\expressp.3ae03ad6.tlog\cl.command.1.tlog
d:\прога\яп\курсовая\файлы программы\expressphotostudio\expressphotostudio\release\expressp.3ae03ad6.tlog\cl.read.1.tlog
d:\прога\яп\курсовая\файлы программы\expressphotostudio\expressphotostudio\release\expressp.3ae03ad6.tlog\cl.write.1.tlog
d:\прога\яп\курсовая\файлы программы\expressphotostudio\expressphotostudio\release\expressp.3ae03ad6.tlog\expressphotostudio.write.1u.tlog
d:\прога\яп\курсовая\файлы программы\expressphotostudio\expressphotostudio\release\expressp.3ae03ad6.tlog\link.command.1.tlog
d:\прога\яп\курсовая\файлы программы\expressphotostudio\expressphotostudio\release\expressp.3ae03ad6.tlog\link.read.1.tlog
d:\прога\яп\курсовая\файлы программы\expressphotostudio\expressphotostudio\release\expressp.3ae03ad6.tlog\link.write.1.tlog
d:\прога\яп\курсовая\файлы программы\expressphotostudio\expressphotostudio\release\expressp.3ae03ad6.tlog\metagen.read.1.tlog
d:\прога\яп\курсовая\файлы программы\expressphotostudio\expressphotostudio\release\expressp.3ae03ad6.tlog\metagen.write.1.tlog
d:\прога\яп\курсовая\файлы программы\expressphotostudio\expressphotostudio\release\expressp.3ae03ad6.tlog\rc.command.1.tlog
d:\прога\яп\курсовая\файлы программы\expressphotostudio\expressphotostudio\release\expressp.3ae03ad6.tlog\rc.read.1.tlog
d:\прога\яп\курсовая\файлы программы\expressphotostudio\expressphotostudio\release\expressp.3ae03ad6.tlog\rc.write.1.tlog
d:\прога\яп\курсовая\файлы программы\expressphotostudio\expressphotostudio\release\expressp.3ae03ad6.tlog\tzres.dll.bi
